This file contains any messages produced by compilers while
running configure, to aid debugging if configure makes a mistake.

It was created by Space Simulator configure 0.0.1, which was
generated by GNU Autoconf 2.69.  Invocation command line was

  $ ./configure 

## --------- ##
## Platform. ##
## --------- ##

hostname = Motard
uname -m = x86_64
uname -r = 3.8.0-21-generic
uname -s = Linux
uname -v = #32-Ubuntu SMP Tue May 14 22:16:46 UTC 2013

/usr/bin/uname -p = unknown
/bin/uname -X     = unknown

/bin/arch              = unknown
/usr/bin/arch -k       = unknown
/usr/convex/getsysinfo = unknown
/usr/bin/hostinfo      = unknown
/bin/machine           = unknown
/usr/bin/oslevel       = unknown
/bin/universe          = unknown

PATH: /usr/lib/lightdm/lightdm
PATH: /usr/local/sbin
PATH: /usr/local/bin
PATH: /usr/sbin
PATH: /usr/bin
PATH: /sbin
PATH: /bin
PATH: /usr/games
PATH: /usr/local/games


## ----------- ##
## Core tests. ##
## ----------- ##

configure:1987: checking for a BSD-compatible install
configure:2055: result: /usr/bin/install -c
configure:2066: checking whether build environment is sane
configure:2116: result: yes
configure:2257: checking for a thread-safe mkdir -p
configure:2296: result: /bin/mkdir -p
configure:2309: checking for gawk
configure:2339: result: no
configure:2309: checking for mawk
configure:2325: found /usr/bin/mawk
configure:2336: result: mawk
configure:2347: checking whether make sets $(MAKE)
configure:2369: result: yes
configure:2516: checking for g++
configure:2532: found /usr/bin/g++
configure:2543: result: g++
configure:2570: checking for C++ compiler version
configure:2579: g++ --version >&5
g++ (Ubuntu/Linaro 4.7.3-1ubuntu1) 4.7.3
Copyright (C) 2012 Free Software Foundation, Inc.
This is free software; see the source for copying conditions.  There is NO
warranty; not even for MERCHANTABILITY or FITNESS FOR A PARTICULAR PURPOSE.

configure:2590: $? = 0
configure:2579: g++ -v >&5
Using built-in specs.
COLLECT_GCC=g++
COLLECT_LTO_WRAPPER=/usr/lib/gcc/x86_64-linux-gnu/4.7/lto-wrapper
Target: x86_64-linux-gnu
Configured with: ../src/configure -v --with-pkgversion='Ubuntu/Linaro 4.7.3-1ubuntu1' --with-bugurl=file:///usr/share/doc/gcc-4.7/README.Bugs --enable-languages=c,c++,go,fortran,objc,obj-c++ --prefix=/usr --program-suffix=-4.7 --enable-shared --enable-linker-build-id --libexecdir=/usr/lib --without-included-gettext --enable-threads=posix --with-gxx-include-dir=/usr/include/c++/4.7 --libdir=/usr/lib --enable-nls --with-sysroot=/ --enable-clocale=gnu --enable-libstdcxx-debug --enable-libstdcxx-time=yes --enable-gnu-unique-object --enable-plugin --with-system-zlib --enable-objc-gc --with-cloog --enable-cloog-backend=ppl --disable-cloog-version-check --disable-ppl-version-check --enable-multiarch --disable-werror --with-arch-32=i686 --with-abi=m64 --with-multilib-list=m32,m64,mx32 --with-tune=generic --enable-checking=release --build=x86_64-linux-gnu --host=x86_64-linux-gnu --target=x86_64-linux-gnu
Thread model: posix
gcc version 4.7.3 (Ubuntu/Linaro 4.7.3-1ubuntu1) 
configure:2590: $? = 0
configure:2579: g++ -V >&5
g++: error: unrecognized command line option '-V'
g++: fatal error: no input files
compilation terminated.
configure:2590: $? = 4
configure:2579: g++ -qversion >&5
g++: error: unrecognized command line option '-qversion'
g++: fatal error: no input files
compilation terminated.
configure:2590: $? = 4
configure:2610: checking whether the C++ compiler works
configure:2632: g++    conftest.cpp  >&5
configure:2636: $? = 0
configure:2684: result: yes
configure:2687: checking for C++ compiler default output file name
configure:2689: result: a.out
configure:2695: checking for suffix of executables
configure:2702: g++ -o conftest    conftest.cpp  >&5
configure:2706: $? = 0
configure:2728: result: 
configure:2750: checking whether we are cross compiling
configure:2758: g++ -o conftest    conftest.cpp  >&5
configure:2762: $? = 0
configure:2769: ./conftest
configure:2773: $? = 0
configure:2788: result: no
configure:2793: checking for suffix of object files
configure:2815: g++ -c   conftest.cpp >&5
configure:2819: $? = 0
configure:2840: result: o
configure:2844: checking whether we are using the GNU C++ compiler
configure:2863: g++ -c   conftest.cpp >&5
configure:2863: $? = 0
configure:2872: result: yes
configure:2881: checking whether g++ accepts -g
configure:2901: g++ -c -g  conftest.cpp >&5
configure:2901: $? = 0
configure:2942: result: yes
configure:2976: checking for style of include used by make
configure:3004: result: GNU
configure:3030: checking dependency style of g++
configure:3141: result: gcc3
configure:3204: checking for gcc
configure:3220: found /usr/bin/gcc
configure:3231: result: gcc
configure:3460: checking for C compiler version
configure:3469: gcc --version >&5
gcc (Ubuntu/Linaro 4.7.3-1ubuntu1) 4.7.3
Copyright (C) 2012 Free Software Foundation, Inc.
This is free software; see the source for copying conditions.  There is NO
warranty; not even for MERCHANTABILITY or FITNESS FOR A PARTICULAR PURPOSE.

configure:3480: $? = 0
configure:3469: gcc -v >&5
Using built-in specs.
COLLECT_GCC=gcc
COLLECT_LTO_WRAPPER=/usr/lib/gcc/x86_64-linux-gnu/4.7/lto-wrapper
Target: x86_64-linux-gnu
Configured with: ../src/configure -v --with-pkgversion='Ubuntu/Linaro 4.7.3-1ubuntu1' --with-bugurl=file:///usr/share/doc/gcc-4.7/README.Bugs --enable-languages=c,c++,go,fortran,objc,obj-c++ --prefix=/usr --program-suffix=-4.7 --enable-shared --enable-linker-build-id --libexecdir=/usr/lib --without-included-gettext --enable-threads=posix --with-gxx-include-dir=/usr/include/c++/4.7 --libdir=/usr/lib --enable-nls --with-sysroot=/ --enable-clocale=gnu --enable-libstdcxx-debug --enable-libstdcxx-time=yes --enable-gnu-unique-object --enable-plugin --with-system-zlib --enable-objc-gc --with-cloog --enable-cloog-backend=ppl --disable-cloog-version-check --disable-ppl-version-check --enable-multiarch --disable-werror --with-arch-32=i686 --with-abi=m64 --with-multilib-list=m32,m64,mx32 --with-tune=generic --enable-checking=release --build=x86_64-linux-gnu --host=x86_64-linux-gnu --target=x86_64-linux-gnu
Thread model: posix
gcc version 4.7.3 (Ubuntu/Linaro 4.7.3-1ubuntu1) 
configure:3480: $? = 0
configure:3469: gcc -V >&5
gcc: error: unrecognized command line option '-V'
gcc: fatal error: no input files
compilation terminated.
configure:3480: $? = 4
configure:3469: gcc -qversion >&5
gcc: error: unrecognized command line option '-qversion'
gcc: fatal error: no input files
compilation terminated.
configure:3480: $? = 4
configure:3484: checking whether we are using the GNU C compiler
configure:3503: gcc -c   conftest.c >&5
configure:3503: $? = 0
configure:3512: result: yes
configure:3521: checking whether gcc accepts -g
configure:3541: gcc -c -g  conftest.c >&5
configure:3541: $? = 0
configure:3582: result: yes
configure:3599: checking for gcc option to accept ISO C89
configure:3662: gcc  -c -g -O2  conftest.c >&5
configure:3662: $? = 0
configure:3675: result: none needed
configure:3697: checking dependency style of gcc
configure:3808: result: gcc3
configure:3826: checking for glBegin in -lGL
configure:3851: gcc -o conftest -g -O2   conftest.c -lGL   >&5
configure:3851: $? = 0
configure:3860: result: yes
configure:3871: checking for gluPerspective in -lGLU
configure:3896: gcc -o conftest -g -O2   conftest.c -lGLU  -lGL  >&5
configure:3896: $? = 0
configure:3905: result: yes
configure:3916: checking for glutInit in -lglut
configure:3941: gcc -o conftest -g -O2   conftest.c -lglut  -lGLU -lGL  >&5
configure:3941: $? = 0
configure:3950: result: yes
configure:3961: checking for Vtx in -lvtx
configure:3986: gcc -o conftest -g -O2   conftest.c -lvtx  -lglut -lGLU -lGL  >&5
/tmp/cc1YUOrA.o: In function `main':
/home/mowgli/projects/spacesim/conftest.c:25: undefined reference to `Vtx'
collect2: error: ld returned 1 exit status
configure:3986: $? = 1
configure: failed program was:
| /* confdefs.h */
| #define PACKAGE_NAME "Space Simulator"
| #define PACKAGE_TARNAME "space-simulator"
| #define PACKAGE_VERSION "0.0.1"
| #define PACKAGE_STRING "Space Simulator 0.0.1"
| #define PACKAGE_BUGREPORT "c.mitch.carroll@gmail.com"
| #define PACKAGE_URL ""
| #define PACKAGE "space-simulator"
| #define VERSION "0.0.1"
| #define HAVE_LIBGL 1
| #define HAVE_LIBGLU 1
| #define HAVE_LIBGLUT 1
| /* end confdefs.h.  */
| 
| /* Override any GCC internal prototype to avoid an error.
|    Use char because int might match the return type of a GCC
|    builtin and then its argument prototype would still apply.  */
| #ifdef __cplusplus
| extern "C"
| #endif
| char Vtx ();
| int
| main ()
| {
| return Vtx ();
|   ;
|   return 0;
| }
configure:3995: result: no
configure:4006: checking for Quat in -lquat
configure:4031: gcc -o conftest -g -O2   conftest.c -lquat  -lglut -lGLU -lGL  >&5
/tmp/ccYkHR2t.o: In function `main':
/home/mowgli/projects/spacesim/conftest.c:25: undefined reference to `Quat'
collect2: error: ld returned 1 exit status
configure:4031: $? = 1
configure: failed program was:
| /* confdefs.h */
| #define PACKAGE_NAME "Space Simulator"
| #define PACKAGE_TARNAME "space-simulator"
| #define PACKAGE_VERSION "0.0.1"
| #define PACKAGE_STRING "Space Simulator 0.0.1"
| #define PACKAGE_BUGREPORT "c.mitch.carroll@gmail.com"
| #define PACKAGE_URL ""
| #define PACKAGE "space-simulator"
| #define VERSION "0.0.1"
| #define HAVE_LIBGL 1
| #define HAVE_LIBGLU 1
| #define HAVE_LIBGLUT 1
| /* end confdefs.h.  */
| 
| /* Override any GCC internal prototype to avoid an error.
|    Use char because int might match the return type of a GCC
|    builtin and then its argument prototype would still apply.  */
| #ifdef __cplusplus
| extern "C"
| #endif
| char Quat ();
| int
| main ()
| {
| return Quat ();
|   ;
|   return 0;
| }
configure:4040: result: no
configure:4059: checking for sqrt
configure:4059: gcc -o conftest -g -O2   conftest.c -lglut -lGLU -lGL  >&5
conftest.c:37:6: warning: conflicting types for built-in function 'sqrt' [enabled by default]
/tmp/ccrp070y.o: In function `main':
/home/mowgli/projects/spacesim/conftest.c:48: undefined reference to `sqrt'
collect2: error: ld returned 1 exit status
configure:4059: $? = 1
configure: failed program was:
| /* confdefs.h */
| #define PACKAGE_NAME "Space Simulator"
| #define PACKAGE_TARNAME "space-simulator"
| #define PACKAGE_VERSION "0.0.1"
| #define PACKAGE_STRING "Space Simulator 0.0.1"
| #define PACKAGE_BUGREPORT "c.mitch.carroll@gmail.com"
| #define PACKAGE_URL ""
| #define PACKAGE "space-simulator"
| #define VERSION "0.0.1"
| #define HAVE_LIBGL 1
| #define HAVE_LIBGLU 1
| #define HAVE_LIBGLUT 1
| /* end confdefs.h.  */
| /* Define sqrt to an innocuous variant, in case <limits.h> declares sqrt.
|    For example, HP-UX 11i <limits.h> declares gettimeofday.  */
| #define sqrt innocuous_sqrt
| 
| /* System header to define __stub macros and hopefully few prototypes,
|     which can conflict with char sqrt (); below.
|     Prefer <limits.h> to <assert.h> if __STDC__ is defined, since
|     <limits.h> exists even on freestanding compilers.  */
| 
| #ifdef __STDC__
| # include <limits.h>
| #else
| # include <assert.h>
| #endif
| 
| #undef sqrt
| 
| /* Override any GCC internal prototype to avoid an error.
|    Use char because int might match the return type of a GCC
|    builtin and then its argument prototype would still apply.  */
| #ifdef __cplusplus
| extern "C"
| #endif
| char sqrt ();
| /* The GNU C library defines this for functions which it implements
|     to always fail with ENOSYS.  Some functions are actually named
|     something starting with __ and the normal name is an alias.  */
| #if defined __stub_sqrt || defined __stub___sqrt
| choke me
| #endif
| 
| int
| main ()
| {
| return sqrt ();
|   ;
|   return 0;
| }
configure:4059: result: no
configure:4205: creating ./config.status

## ---------------------- ##
## Running config.status. ##
## ---------------------- ##

This file was extended by Space Simulator config.status 0.0.1, which was
generated by GNU Autoconf 2.69.  Invocation command line was

  CONFIG_FILES    = 
  CONFIG_HEADERS  = 
  CONFIG_LINKS    = 
  CONFIG_COMMANDS = 
  $ ./config.status 

on Motard

config.status:846: creating Makefile
config.status:846: creating src/Makefile
config.status:846: creating config.h
config.status:1075: executing depfiles commands
configure:5590: === configuring in vtx (/home/mowgli/projects/spacesim/vtx)
configure:5653: running /bin/bash ./configure --disable-option-checking '--prefix=/usr/local'  --cache-file=/dev/null --srcdir=.
configure:5590: === configuring in quat (/home/mowgli/projects/spacesim/quat)
configure:5653: running /bin/bash ./configure --disable-option-checking '--prefix=/usr/local'  --cache-file=/dev/null --srcdir=.

## ---------------- ##
## Cache variables. ##
## ---------------- ##

ac_cv_c_compiler_gnu=yes
ac_cv_cxx_compiler_gnu=yes
ac_cv_env_CCC_set=
ac_cv_env_CCC_value=
ac_cv_env_CC_set=
ac_cv_env_CC_value=
ac_cv_env_CFLAGS_set=
ac_cv_env_CFLAGS_value=
ac_cv_env_CPPFLAGS_set=
ac_cv_env_CPPFLAGS_value=
ac_cv_env_CXXFLAGS_set=
ac_cv_env_CXXFLAGS_value=
ac_cv_env_CXX_set=
ac_cv_env_CXX_value=
ac_cv_env_LDFLAGS_set=
ac_cv_env_LDFLAGS_value=
ac_cv_env_LIBS_set=
ac_cv_env_LIBS_value=
ac_cv_env_build_alias_set=
ac_cv_env_build_alias_value=
ac_cv_env_host_alias_set=
ac_cv_env_host_alias_value=
ac_cv_env_target_alias_set=
ac_cv_env_target_alias_value=
ac_cv_func_sqrt=no
ac_cv_lib_GLU_gluPerspective=yes
ac_cv_lib_GL_glBegin=yes
ac_cv_lib_glut_glutInit=yes
ac_cv_lib_quat_Quat=no
ac_cv_lib_vtx_Vtx=no
ac_cv_objext=o
ac_cv_path_install='/usr/bin/install -c'
ac_cv_path_mkdir=/bin/mkdir
ac_cv_prog_AWK=mawk
ac_cv_prog_ac_ct_CC=gcc
ac_cv_prog_ac_ct_CXX=g++
ac_cv_prog_cc_c89=
ac_cv_prog_cc_g=yes
ac_cv_prog_cxx_g=yes
ac_cv_prog_make_make_set=yes
am_cv_CC_dependencies_compiler_type=gcc3
am_cv_CXX_dependencies_compiler_type=gcc3

## ----------------- ##
## Output variables. ##
## ----------------- ##

ACLOCAL='${SHELL} /home/mowgli/projects/spacesim/missing --run aclocal-1.11'
AMDEPBACKSLASH='\'
AMDEP_FALSE='#'
AMDEP_TRUE=''
AMTAR='$${TAR-tar}'
AUTOCONF='${SHELL} /home/mowgli/projects/spacesim/missing --run autoconf'
AUTOHEADER='${SHELL} /home/mowgli/projects/spacesim/missing --run autoheader'
AUTOMAKE='${SHELL} /home/mowgli/projects/spacesim/missing --run automake-1.11'
AWK='mawk'
CC='gcc'
CCDEPMODE='depmode=gcc3'
CFLAGS='-g -O2'
CPPFLAGS=''
CXX='g++'
CXXDEPMODE='depmode=gcc3'
CXXFLAGS='-g -O2'
CYGPATH_W='echo'
DEFS='-DHAVE_CONFIG_H'
DEPDIR='.deps'
ECHO_C=''
ECHO_N='-n'
ECHO_T=''
EXEEXT=''
INSTALL_DATA='${INSTALL} -m 644'
INSTALL_PROGRAM='${INSTALL}'
INSTALL_SCRIPT='${INSTALL}'
INSTALL_STRIP_PROGRAM='$(install_sh) -c -s'
LDFLAGS=''
LIBOBJS=''
LIBS='-lglut -lGLU -lGL '
LTLIBOBJS=''
MAKEINFO='${SHELL} /home/mowgli/projects/spacesim/missing --run makeinfo'
MKDIR_P='/bin/mkdir -p'
OBJEXT='o'
PACKAGE='space-simulator'
PACKAGE_BUGREPORT='c.mitch.carroll@gmail.com'
PACKAGE_NAME='Space Simulator'
PACKAGE_STRING='Space Simulator 0.0.1'
PACKAGE_TARNAME='space-simulator'
PACKAGE_URL=''
PACKAGE_VERSION='0.0.1'
PATH_SEPARATOR=':'
SET_MAKE=''
SHELL='/bin/bash'
STRIP=''
VERSION='0.0.1'
ac_ct_CC='gcc'
ac_ct_CXX='g++'
am__EXEEXT_FALSE=''
am__EXEEXT_TRUE='#'
am__fastdepCC_FALSE='#'
am__fastdepCC_TRUE=''
am__fastdepCXX_FALSE='#'
am__fastdepCXX_TRUE=''
am__include='include'
am__isrc=''
am__leading_dot='.'
am__nodep='_no'
am__quote=''
am__tar='$${TAR-tar} chof - "$$tardir"'
am__untar='$${TAR-tar} xf -'
bindir='${exec_prefix}/bin'
build_alias=''
datadir='${datarootdir}'
datarootdir='${prefix}/share'
docdir='${datarootdir}/doc/${PACKAGE_TARNAME}'
dvidir='${docdir}'
exec_prefix='${prefix}'
host_alias=''
htmldir='${docdir}'
includedir='${prefix}/include'
infodir='${datarootdir}/info'
install_sh='${SHELL} /home/mowgli/projects/spacesim/install-sh'
libdir='${exec_prefix}/lib'
libexecdir='${exec_prefix}/libexec'
localedir='${datarootdir}/locale'
localstatedir='${prefix}/var'
mandir='${datarootdir}/man'
mkdir_p='/bin/mkdir -p'
oldincludedir='/usr/include'
pdfdir='${docdir}'
prefix='/usr/local'
program_transform_name='s,x,x,'
psdir='${docdir}'
sbindir='${exec_prefix}/sbin'
sharedstatedir='${prefix}/com'
subdirs=' vtx quat'
sysconfdir='${prefix}/etc'
target_alias=''

## ----------- ##
## confdefs.h. ##
## ----------- ##

/* confdefs.h */
#define PACKAGE_NAME "Space Simulator"
#define PACKAGE_TARNAME "space-simulator"
#define PACKAGE_VERSION "0.0.1"
#define PACKAGE_STRING "Space Simulator 0.0.1"
#define PACKAGE_BUGREPORT "c.mitch.carroll@gmail.com"
#define PACKAGE_URL ""
#define PACKAGE "space-simulator"
#define VERSION "0.0.1"
#define HAVE_LIBGL 1
#define HAVE_LIBGLU 1
#define HAVE_LIBGLUT 1

configure: exit 0
